{"level":"newColumn","message":"A cashstinvestmentstotalassets added to DB"}
{"level":"newColumn","message":"A longtermnotereceivable added to DB"}
{"level":"newColumn","message":"A salesrevenue added to DB"}
{"level":"newColumn","message":"A amortizationofintangibles added to DB"}
{"level":"newColumn","message":"A nonoperatingincomeexpense added to DB"}
{"level":"newColumn","message":"A deferredtaxesdebit added to DB"}
{"level":"newColumn","message":"A totalliabilitiestotalassets added to DB"}
{"level":"newColumn","message":"A commonstockparcarryvalue added to DB"}
{"level":"newColumn","message":"A additionalpaidincapitalcapitalsurplus added to DB"}
{"level":"newColumn","message":"A cumulativetranslationadjustmentunrealizedforexchgain added to DB"}
{"level":"newColumn","message":"A commonequitytotalassets added to DB"}
{"level":"newColumn","message":"A totalshareholdersequitytotalassets added to DB"}
{"level":"newColumn","message":"A accumulatedminorityinterest added to DB"}
{"level":"newColumn","message":"A amortizationofintangibleassets added to DB"}
{"level":"newColumn","message":"A otheraccruals added to DB"}
{"level":"newColumn","message":"A otherassetsliabilities added to DB"}
{"level":"newColumn","message":"A netoperatingcashflowsales added to DB"}
{"level":"newColumn","message":"A capitalexpendituresotherassets added to DB"}
{"level":"newColumn","message":"A capitalexpendituressales added to DB"}
{"level":"newColumn","message":"A saleoffixedassetsbusinesses added to DB"}
{"level":"newColumn","message":"A purchasesaleofinvestments added to DB"}
{"level":"newColumn","message":"A salematurityofinvestments added to DB"}
{"level":"newColumn","message":"A netinvestingcashflowsales added to DB"}
{"level":"newColumn","message":"A otherproceedsfromsaleofstock added to DB"}
{"level":"newColumn","message":"A issuancereductionofdebtnet added to DB"}
{"level":"newColumn","message":"A netfinancingcashflowsales added to DB"}
{"level":"newColumn","message":"A exchangerateeffect added to DB"}
{"level":"newColumn","message":"A miscellaneousfunds added to DB"}
{"level":"newColumn","message":"A otheroperatingexpense added to DB"}
{"level":"newColumn","message":"AA ltinvestmentaffiliatecompanies added to DB"}
{"level":"newColumn","message":"AA equityinaffiliatespretax added to DB"}
{"level":"newColumn","message":"AA interestcapitalized added to DB"}
{"level":"newColumn","message":"AA minorityinterestexpense added to DB"}
{"level":"newColumn","message":"AA incometaxespayable added to DB"}
{"level":"newColumn","message":"AA othersources added to DB"}
{"level":"newColumn","message":"AACG baddebtdoubtfulaccounts added to DB"}
{"level":"newColumn","message":"AACG equityinaffiliates added to DB"}
{"level":"newColumn","message":"AACG otheraftertaxincomeexpense added to DB"}
{"level":"newColumn","message":"AACG extraitemsgainlosssaleofassets added to DB"}
{"level":"newColumn","message":"AACG discontinuedoperations added to DB"}
{"level":"newColumn","message":"AACG treasurystock added to DB"}
{"level":"newColumn","message":"AADI preferredstockcarryingvalue added to DB"}
{"level":"newColumn","message":"AADI redeemablepreferredstock added to DB"}
{"level":"newColumn","message":"AAIC shorttermreceivables added to DB"}
{"level":"newColumn","message":"AAIC shorttermreceivablesgrowth added to DB"}
{"level":"newColumn","message":"AAIC investmentstotal added to DB"}
{"level":"newColumn","message":"AAIC netloans added to DB"}
{"level":"newColumn","message":"AAIC grossloansnetofunearnedincome added to DB"}
{"level":"newColumn","message":"AAIC investmentproperty added to DB"}
{"level":"newColumn","message":"AAIC otherinvestments added to DB"}
{"level":"newColumn","message":"AAIC otherassetsincludingintangibles added to DB"}
{"level":"newColumn","message":"AAIC totalassetsgrowth added to DB"}
{"level":"newColumn","message":"AAIC totalinvestmentincome added to DB"}
{"level":"newColumn","message":"AAIC interestincome added to DB"}
{"level":"newColumn","message":"AAIC sundryrevenueincome added to DB"}
{"level":"newColumn","message":"AAIC tradingaccountincome added to DB"}
{"level":"newColumn","message":"AAIC trustincomecommissionsfees added to DB"}
{"level":"newColumn","message":"AAIC commissionfeeincome added to DB"}
{"level":"newColumn","message":"AAIC totalexpense added to DB"}
{"level":"newColumn","message":"AAIC totalinterestexpense added to DB"}
{"level":"newColumn","message":"AAIC sellinggeneraladminexpenses added to DB"}
{"level":"newColumn","message":"AAIC operatingincome added to DB"}
{"level":"newColumn","message":"AAIC operatingincomegrowth added to DB"}
{"level":"newColumn","message":"AAIC operatingincomemargin added to DB"}
{"level":"newColumn","message":"AAIC incometaxes added to DB"}
{"level":"newColumn","message":"AAIC totaldebt added to DB"}
{"level":"newColumn","message":"AAIC ltdebtexclcapitalizedleases added to DB"}
{"level":"newColumn","message":"AAIC totaldebtgrowth added to DB"}
{"level":"newColumn","message":"AAIC totaldebttotalassets added to DB"}
{"level":"newColumn","message":"AAIC totalliabilitiesgrowth added to DB"}
{"level":"newColumn","message":"AAIC nonredeemablepreferredstock added to DB"}
{"level":"newColumn","message":"AAIC returnonaveragetotalequity added to DB"}
{"level":"newColumn","message":"AAIC fundsfromoperationsgrowth added to DB"}
{"level":"newColumn","message":"AAIC increaseinloans added to DB"}
{"level":"newColumn","message":"AAIC decreaseinloans added to DB"}
{"level":"newColumn","message":"AAIC cashdividendgrowth added to DB"}
{"level":"newColumn","message":"AAIC repurchaseofcommonamppreferredstk added to DB"}
{"level":"newColumn","message":"AAIC saleofcommonamppreferredstock added to DB"}
{"level":"newColumn","message":"AAL unrealizedgainlossmarketablesecurities added to DB"}
{"level":"newColumn","message":"AAMC totalshortterminvestments added to DB"}
{"level":"newColumn","message":"AAMC miscellaneousnonoperatingexpense added to DB"}
{"level":"newColumn","message":"AAME totalfixedincomesecuritiesinvestment added to DB"}
{"level":"newColumn","message":"AAME bonds added to DB"}
{"level":"newColumn","message":"AAME totalequitysecuritiesinvestment added to DB"}
{"level":"newColumn","message":"AAME realestateassets added to DB"}
{"level":"newColumn","message":"AAME mortgagepolicyotherloans added to DB"}
{"level":"newColumn","message":"AAME investmentsgrowth added to DB"}
{"level":"newColumn","message":"AAME yieldoninvestment added to DB"}
{"level":"newColumn","message":"AAME premiumbalancereceivables added to DB"}
{"level":"newColumn","message":"AAME premiumbalancegrowth added to DB"}
{"level":"newColumn","message":"AAME investmentinunconsolidatedsubs added to DB"}
{"level":"newColumn","message":"AAME assetstotal1yeargrowth added to DB"}
{"level":"newColumn","message":"AAME premiumsearned added to DB"}
{"level":"newColumn","message":"AAME realizedgainslosses added to DB"}
{"level":"newColumn","message":"AAME otheroperatingincome added to DB"}
{"level":"newColumn","message":"AAME lossesclaimsreserves added to DB"}
{"level":"newColumn","message":"AAME lossesbenefitsadjustments added to DB"}
{"level":"newColumn","message":"AAME longterminsurancereserves added to DB"}
{"level":"newColumn","message":"AAME lossesclaimsreservesgrowth added to DB"}
{"level":"newColumn","message":"AAME lossratio added to DB"}
{"level":"newColumn","message":"AAME sellinggeneraladminexpensesother added to DB"}
{"level":"newColumn","message":"AAME underwritingcommissions added to DB"}
{"level":"newColumn","message":"AAME operatingincomebeforeinterestexpense added to DB"}
{"level":"newColumn","message":"AAME interestexpensenetofinterestcapitalized added to DB"}
{"level":"newColumn","message":"AAME interestexpenseexclinterestcapitalized added to DB"}
{"level":"newColumn","message":"AAME operatingincomeafterinterestexpense added to DB"}
{"level":"newColumn","message":"AAME insurancepolicyliabilitiesinsurance added to DB"}
{"level":"newColumn","message":"AAME insurancereservesinsurance added to DB"}
{"level":"newColumn","message":"AAME unearnedpremiums added to DB"}
{"level":"newColumn","message":"AAME policyclaims added to DB"}
{"level":"newColumn","message":"AAME otherinsuranceliabilities added to DB"}
{"level":"newColumn","message":"AAME stdebtcurrentportionofltd added to DB"}
{"level":"newColumn","message":"AAME currentportionofltdebt added to DB"}
{"level":"newColumn","message":"AAME ltdebtexclcapitalleaseobligations added to DB"}
{"level":"newColumn","message":"AAON dividendspayable added to DB"}
{"level":"newColumn","message":"AB saleoffixedassetsampbusinesses added to DB"}
{"level":"newColumn","message":"ABCM incometaxcredits added to DB"}
{"level":"newColumn","message":"ABR loanlossallowancesreserves added to DB"}
{"level":"newColumn","message":"ABR loanlossprovision added to DB"}
{"level":"newColumn","message":"ACA unappropriatedreserves added to DB"}
{"level":"newColumn","message":"ACB convertibledebt added to DB"}
{"level":"newColumn","message":"ACBA nonequityreserves added to DB"}
{"level":"newColumn","message":"ACEL amortizationofdeferredcharges added to DB"}
{"level":"newColumn","message":"ACGL commonstocks added to DB"}
{"level":"newColumn","message":"ACGL separatevariableaccountassets added to DB"}
{"level":"newColumn","message":"ACNB treasurysecurities added to DB"}
{"level":"newColumn","message":"ACNB statemunicipalsecurities added to DB"}
{"level":"newColumn","message":"ACNB mortgagebackedsecurities added to DB"}
{"level":"newColumn","message":"ACNB othersecurities added to DB"}
{"level":"newColumn","message":"ACNB commercialindustrialloans added to DB"}
{"level":"newColumn","message":"ACNB consumerinstallmentloans added to DB"}
{"level":"newColumn","message":"ACNB realestatemortgageloans added to DB"}
{"level":"newColumn","message":"ACNB realestateotherthanbankpremises added to DB"}
{"level":"newColumn","message":"ACNB loans1yrgrowthrate added to DB"}
{"level":"newColumn","message":"ACNB loanstotaltotaldeposits added to DB"}
{"level":"newColumn","message":"ACNB loanstotaltotalassets added to DB"}
{"level":"newColumn","message":"ACNB interestandfeesonloans added to DB"}
{"level":"newColumn","message":"ACNB otherinterestordividendincome added to DB"}
{"level":"newColumn","message":"ACNB interestincomegrowth added to DB"}
{"level":"newColumn","message":"ACNB interestexpenseonbankdeposits added to DB"}
{"level":"newColumn","message":"ACNB interestexpenseonfedrepos added to DB"}
{"level":"newColumn","message":"ACNB otherinterestexpense added to DB"}
{"level":"newColumn","message":"ACNB interestexpenseondebt added to DB"}
{"level":"newColumn","message":"ACNB totalinterestexpensegrowth added to DB"}
{"level":"newColumn","message":"ACNB netinterestincome added to DB"}
{"level":"newColumn","message":"ACNB netinterestincomegrowth added to DB"}
{"level":"newColumn","message":"ACNB loanlossprovisiongrowth added to DB"}
{"level":"newColumn","message":"ACNB netinterestincomeafterprovision added to DB"}
{"level":"newColumn","message":"ACNB netinterestincafterloanlossprovgrowth added to DB"}
{"level":"newColumn","message":"ACNB netinterestmargin added to DB"}
{"level":"newColumn","message":"ACNB noninterestincome added to DB"}
{"level":"newColumn","message":"ACNB securitiesgain added to DB"}
{"level":"newColumn","message":"ACNB trustincome added to DB"}
{"level":"newColumn","message":"ACNB noninterestexpense added to DB"}
{"level":"newColumn","message":"ACNB laborrelatedexpense added to DB"}
{"level":"newColumn","message":"ACNB equipmentexpense added to DB"}
{"level":"newColumn","message":"ACNB taxesotherthanincometaxes added to DB"}
{"level":"newColumn","message":"ACNB totaldeposits added to DB"}
{"level":"newColumn","message":"ACNB demanddeposits added to DB"}
{"level":"newColumn","message":"ACNB savingstimedeposits added to DB"}
{"level":"newColumn","message":"ACNB depositsgrowth added to DB"}
{"level":"newColumn","message":"ACNB longtermdebtgrowth added to DB"}
{"level":"newColumn","message":"ACNB deferredtaxliabilities added to DB"}
{"level":"newColumn","message":"ACNB netoperatingcashflowinterestincome added to DB"}
{"level":"newColumn","message":"ACNB netinvestingcashflowinterestincome added to DB"}
{"level":"newColumn","message":"ACNB increaseindeposits added to DB"}
{"level":"newColumn","message":"ACNB netfinancingcashflowinterestincome added to DB"}
{"level":"newColumn","message":"ACNB decreaseindeposits added to DB"}
{"level":"newColumn","message":"AEFC othersellinggeneraladminexpense added to DB"}
{"level":"newColumn","message":"AEFC revaluationreserves added to DB"}
{"level":"newColumn","message":"AFBI federalagencysecurities added to DB"}
{"level":"newColumn","message":"AFBI interestonbankdeposits added to DB"}
{"level":"newColumn","message":"AFBI esopdebtguarantee added to DB"}
{"level":"newColumn","message":"ALLY federalfundssoldsecuritiespurchased added to DB"}
{"level":"newColumn","message":"ALLY federalfundssold added to DB"}
{"level":"newColumn","message":"ALLY interestreceivables added to DB"}
{"level":"newColumn","message":"ALLY otherborrowedfunds added to DB"}
{"level":"newColumn","message":"ALLY operatingprovisions added to DB"}
{"level":"newColumn","message":"ALLY unspecifieddeposits added to DB"}
{"level":"newColumn","message":"ALRS tradingaccountsecurities added to DB"}
{"level":"newColumn","message":"AMAL securitiesboughtunderresaleagreement added to DB"}
{"level":"newColumn","message":"AMAL unspecifiedotherloans added to DB"}
{"level":"newColumn","message":"AMAL unearnedincome added to DB"}
{"level":"newColumn","message":"AMAL depreciationamortization added to DB"}
{"level":"newColumn","message":"AMAM cumulativeeffectaccountingchg added to DB"}
{"level":"newColumn","message":"AMAM preferredstockissuesforesop added to DB"}
{"level":"newColumn","message":"AMAM esopguaranteespreferredstock added to DB"}
{"level":"newColumn","message":"AMAM investmenttaxcredit added to DB"}
{"level":"newColumn","message":"AMAM extraordinaries added to DB"}
